Processing esp32-c3-mini-1-debug (platform: espressif32 @ ^6.5.0; board: esp32-c3-devkitm-1; framework: arduino)
--------------------------------------------------------------------------------
Removing unused dependencies...
Library Manager: Removing ESPNowW @ 1.0.2+sha.baba71e
Library Manager: ESPNowW@1.0.2+sha.baba71e has been removed!
Verbose mode can be enabled via `-v, --verbose` option
CONFIGURATION: https://docs.platformio.org/page/boards/espressif32/esp32-c3-devkitm-1.html
PLATFORM: Espressif 32 (6.12.0) > Espressif ESP32-C3-DevKitM-1
HARDWARE: ESP32C3 160MHz, 320KB RAM, 4MB Flash
DEBUG: Current (cmsis-dap) External (cmsis-dap, esp-bridge, esp-builtin, esp-prog, iot-bus-jtag, jlink, minimodule, olimex-arm-usb-ocd, olimex-arm-usb-ocd-h, olimex-arm-usb-tiny-h, olimex-jtag-tiny, tumpa)
PACKAGES: 
 - framework-arduinoespressif32 @ 3.0.0+sha.b3ad98c 
 - framework-arduinoespressif32-libs @ 5.1.0+sha.442a798083 
 - tool-esptoolpy @ 2.40900.250804 (4.9.0) 
 - tool-openocd-esp32 @ 2.1100.20220706 (11.0) 
 - toolchain-riscv32-esp @ 12.2.0+20230208
LDF: Library Dependency Finder -> https://bit.ly/configure-pio-ldf
LDF Modes: Finder ~ chain, Compatibility ~ soft
Found 42 compatible libraries
Scanning dependencies...
Dependency Graph
|-- ArduinoJson @ 6.21.5
|-- Adafruit NeoPixel @ 1.15.2
|-- ESP32Time @ 2.0.6
|-- SPI @ 2.0.0
|-- Wire @ 2.0.0
|-- Preferences @ 2.0.0
|-- src
|-- WiFi @ 2.0.0
|-- HTTPClient @ 2.0.0
|-- Update @ 2.0.0
Building in debug mode
Compiling .pio\build\esp32-c3-mini-1-debug\src\input\ButtonInput.cpp.o
Compiling .pio\build\esp32-c3-mini-1-debug\src\led\LedController.cpp.o
Compiling .pio\build\esp32-c3-mini-1-debug\src\main.cpp.o
Compiling .pio\build\esp32-c3-mini-1-debug\src\power\PowerManager.cpp.o
Compiling .pio\build\esp32-c3-mini-1-debug\src\temperature\TempSensor.cpp.o
Compiling .pio\build\esp32-c3-mini-1-debug\src\utils\Logger.cpp.o
Compiling .pio\build\esp32-c3-mini-1-debug\src\utils\OtaUpdater.cpp.o
Building .pio\build\esp32-c3-mini-1-debug\bootloader.bin
Generating partitions .pio\build\esp32-c3-mini-1-debug\partitions.bin
esptool.py v4.9.0
Creating esp32c3 image...
Merged 1 ELF section
Successfully created esp32c3 image.
Compiling .pio\build\esp32-c3-mini-1-debug\lib2de\Adafruit NeoPixel\Adafruit_NeoPixel.cpp.o
Compiling .pio\build\esp32-c3-mini-1-debug\lib2de\Adafruit NeoPixel\Adafruit_Neopixel_RP2.cpp.o
Compiling .pio\build\esp32-c3-mini-1-debug\lib2de\Adafruit NeoPixel\esp.c.o
Compiling .pio\build\esp32-c3-mini-1-debug\lib2de\Adafruit NeoPixel\esp8266.c.o
Compiling .pio\build\esp32-c3-mini-1-debug\lib2de\Adafruit NeoPixel\kendyte_k210.c.o
Compiling .pio\build\esp32-c3-mini-1-debug\lib2de\Adafruit NeoPixel\psoc6.c.o
Compiling .pio\build\esp32-c3-mini-1-debug\lib9ab\ESP32Time\ESP32Time.cpp.o
Compiling .pio\build\esp32-c3-mini-1-debug\lib3b6\SPI\SPI.cpp.o
Compiling .pio\build\esp32-c3-mini-1-debug\lib3e4\Wire\Wire.cpp.o
Compiling .pio\build\esp32-c3-mini-1-debug\lib3ab\Preferences\Preferences.cpp.o
Compiling .pio\build\esp32-c3-mini-1-debug\lib79d\src\ConfigManager.cpp.o
Compiling .pio\build\esp32-c3-mini-1-debug\lib79d\src\EspNowMessage.cpp.o
Compiling .pio\build\esp32-c3-mini-1-debug\lib84a\Network\NetworkClient.cpp.o
Compiling .pio\build\esp32-c3-mini-1-debug\lib84a\Network\NetworkEvents.cpp.o
Compiling .pio\build\esp32-c3-mini-1-debug\lib84a\Network\NetworkInterface.cpp.o
Compiling .pio\build\esp32-c3-mini-1-debug\lib84a\Network\NetworkManager.cpp.o
Compiling .pio\build\esp32-c3-mini-1-debug\lib84a\Network\NetworkServer.cpp.o
Compiling .pio\build\esp32-c3-mini-1-debug\lib84a\Network\NetworkUdp.cpp.o
Compiling .pio\build\esp32-c3-mini-1-debug\lib301\WiFi\AP.cpp.o
Archiving .pio\build\esp32-c3-mini-1-debug\lib2de\libAdafruit NeoPixel.a
Archiving .pio\build\esp32-c3-mini-1-debug\lib9ab\libESP32Time.a
Compiling .pio\build\esp32-c3-mini-1-debug\lib301\WiFi\STA.cpp.o
Compiling .pio\build\esp32-c3-mini-1-debug\lib301\WiFi\WiFi.cpp.o
Archiving .pio\build\esp32-c3-mini-1-debug\lib3b6\libSPI.a
Compiling .pio\build\esp32-c3-mini-1-debug\lib301\WiFi\WiFiAP.cpp.o
Archiving .pio\build\esp32-c3-mini-1-debug\lib3e4\libWire.a
Compiling .pio\build\esp32-c3-mini-1-debug\lib301\WiFi\WiFiGeneric.cpp.o
Compiling .pio\build\esp32-c3-mini-1-debug\lib301\WiFi\WiFiMulti.cpp.o
Compiling .pio\build\esp32-c3-mini-1-debug\lib301\WiFi\WiFiSTA.cpp.o
Archiving .pio\build\esp32-c3-mini-1-debug\lib3ab\libPreferences.a
Compiling .pio\build\esp32-c3-mini-1-debug\lib301\WiFi\WiFiScan.cpp.o
Compiling .pio\build\esp32-c3-mini-1-debug\lib939\NetworkClientSecure\NetworkClientSecure.cpp.o
Compiling .pio\build\esp32-c3-mini-1-debug\lib939\NetworkClientSecure\ssl_client.cpp.o
Compiling .pio\build\esp32-c3-mini-1-debug\lib7fc\HTTPClient\HTTPClient.cpp.o
Compiling .pio\build\esp32-c3-mini-1-debug\lib610\Update\HttpsOTAUpdate.cpp.o
Compiling .pio\build\esp32-c3-mini-1-debug\lib610\Update\Updater.cpp.o
Compiling .pio\build\esp32-c3-mini-1-debug\FrameworkArduino\Esp.cpp.o
Archiving .pio\build\esp32-c3-mini-1-debug\lib84a\libNetwork.a
Compiling .pio\build\esp32-c3-mini-1-debug\FrameworkArduino\FirmwareMSC.cpp.o
Archiving .pio\build\esp32-c3-mini-1-debug\lib79d\libsrc.a
Compiling .pio\build\esp32-c3-mini-1-debug\FrameworkArduino\FunctionalInterrupt.cpp.o
Compiling .pio\build\esp32-c3-mini-1-debug\FrameworkArduino\HEXBuilder.cpp.o
Compiling .pio\build\esp32-c3-mini-1-debug\FrameworkArduino\HWCDC.cpp.o
Compiling .pio\build\esp32-c3-mini-1-debug\FrameworkArduino\HardwareSerial.cpp.o
Compiling .pio\build\esp32-c3-mini-1-debug\FrameworkArduino\IPAddress.cpp.o
Compiling .pio\build\esp32-c3-mini-1-debug\FrameworkArduino\MD5Builder.cpp.o
Compiling .pio\build\esp32-c3-mini-1-debug\FrameworkArduino\MacAddress.cpp.o
Compiling .pio\build\esp32-c3-mini-1-debug\FrameworkArduino\Print.cpp.o
Compiling .pio\build\esp32-c3-mini-1-debug\FrameworkArduino\SHA1Builder.cpp.o
Compiling .pio\build\esp32-c3-mini-1-debug\FrameworkArduino\Stream.cpp.o
Archiving .pio\build\esp32-c3-mini-1-debug\lib301\libWiFi.a
Compiling .pio\build\esp32-c3-mini-1-debug\FrameworkArduino\StreamString.cpp.o
Compiling .pio\build\esp32-c3-mini-1-debug\FrameworkArduino\Tone.cpp.o
Compiling .pio\build\esp32-c3-mini-1-debug\FrameworkArduino\USB.cpp.o
Compiling .pio\build\esp32-c3-mini-1-debug\FrameworkArduino\USBCDC.cpp.o
Compiling .pio\build\esp32-c3-mini-1-debug\FrameworkArduino\USBMSC.cpp.o
Archiving .pio\build\esp32-c3-mini-1-debug\lib610\libUpdate.a
Compiling .pio\build\esp32-c3-mini-1-debug\FrameworkArduino\WMath.cpp.o
Compiling .pio\build\esp32-c3-mini-1-debug\FrameworkArduino\WString.cpp.o
Compiling .pio\build\esp32-c3-mini-1-debug\FrameworkArduino\base64.cpp.o
Compiling .pio\build\esp32-c3-mini-1-debug\FrameworkArduino\cbuf.cpp.o
Compiling .pio\build\esp32-c3-mini-1-debug\FrameworkArduino\chip-debug-report.cpp.o
Archiving .pio\build\esp32-c3-mini-1-debug\lib939\libNetworkClientSecure.a
Compiling .pio\build\esp32-c3-mini-1-debug\FrameworkArduino\esp32-hal-adc.c.o
Compiling .pio\build\esp32-c3-mini-1-debug\FrameworkArduino\esp32-hal-bt.c.o
Compiling .pio\build\esp32-c3-mini-1-debug\FrameworkArduino\esp32-hal-cpu.c.o
Compiling .pio\build\esp32-c3-mini-1-debug\FrameworkArduino\esp32-hal-dac.c.o
Compiling .pio\build\esp32-c3-mini-1-debug\FrameworkArduino\esp32-hal-gpio.c.o
Compiling .pio\build\esp32-c3-mini-1-debug\FrameworkArduino\esp32-hal-i2c-slave.c.o
Compiling .pio\build\esp32-c3-mini-1-debug\FrameworkArduino\esp32-hal-i2c.c.o
Archiving .pio\build\esp32-c3-mini-1-debug\lib7fc\libHTTPClient.a
Compiling .pio\build\esp32-c3-mini-1-debug\FrameworkArduino\esp32-hal-ledc.c.o
Compiling .pio\build\esp32-c3-mini-1-debug\FrameworkArduino\esp32-hal-matrix.c.o
Compiling .pio\build\esp32-c3-mini-1-debug\FrameworkArduino\esp32-hal-misc.c.o
Compiling .pio\build\esp32-c3-mini-1-debug\FrameworkArduino\esp32-hal-periman.c.o
Compiling .pio\build\esp32-c3-mini-1-debug\FrameworkArduino\esp32-hal-psram.c.o
Compiling .pio\build\esp32-c3-mini-1-debug\FrameworkArduino\esp32-hal-rgb-led.c.o
Compiling .pio\build\esp32-c3-mini-1-debug\FrameworkArduino\esp32-hal-rmt.c.o
Compiling .pio\build\esp32-c3-mini-1-debug\FrameworkArduino\esp32-hal-sigmadelta.c.o
Compiling .pio\build\esp32-c3-mini-1-debug\FrameworkArduino\esp32-hal-spi.c.o
Compiling .pio\build\esp32-c3-mini-1-debug\FrameworkArduino\esp32-hal-time.c.o
Compiling .pio\build\esp32-c3-mini-1-debug\FrameworkArduino\esp32-hal-timer.c.o
Compiling .pio\build\esp32-c3-mini-1-debug\FrameworkArduino\esp32-hal-tinyusb.c.o
Compiling .pio\build\esp32-c3-mini-1-debug\FrameworkArduino\esp32-hal-touch.c.o
Compiling .pio\build\esp32-c3-mini-1-debug\FrameworkArduino\esp32-hal-uart.c.o
Compiling .pio\build\esp32-c3-mini-1-debug\FrameworkArduino\firmware_msc_fat.c.o
Compiling .pio\build\esp32-c3-mini-1-debug\FrameworkArduino\libb64\cdecode.c.o
Compiling .pio\build\esp32-c3-mini-1-debug\FrameworkArduino\libb64\cencode.c.o
Compiling .pio\build\esp32-c3-mini-1-debug\FrameworkArduino\main.cpp.o
Compiling .pio\build\esp32-c3-mini-1-debug\FrameworkArduino\stdlib_noniso.c.o
Compiling .pio\build\esp32-c3-mini-1-debug\FrameworkArduino\wiring_pulse.c.o
Compiling .pio\build\esp32-c3-mini-1-debug\FrameworkArduino\wiring_shift.c.o
Archiving .pio\build\esp32-c3-mini-1-debug\libFrameworkArduino.a
Linking .pio\build\esp32-c3-mini-1-debug\firmware.elf
Retrieving maximum program size .pio\build\esp32-c3-mini-1-debug\firmware.elf
Checking size .pio\build\esp32-c3-mini-1-debug\firmware.elf
Advanced Memory Usage is available via "PlatformIO Home > Project Inspect"
RAM:   [=         ]  10.0% (used 32732 bytes from 327680 bytes)
Flash: [===       ]  32.1% (used 1010862 bytes from 3145728 bytes)
Building .pio\build\esp32-c3-mini-1-debug\firmware.bin
esptool.py v4.9.0
Creating esp32c3 image...
Merged 2 ELF sections
Successfully created esp32c3 image.
========================= [SUCCESS] Took 28.88 seconds =========================

Environment            Status    Duration
---------------------  --------  ------------
esp32-c3-mini-1-debug  SUCCESS   00:00:28.881
========================= 1 succeeded in 00:00:28.881 =========================
